{
  "0 debug pnpm:scope": {
    "selected": 1
  },
  "1 error pnpm": {
    "errno": 1,
    "code": "ELIFECYCLE",
    "pkgid": "vite-react-ts@0.0.0",
    "stage": "dev",
    "script": "vite",
    "pkgname": "vite-react-ts",
    "err": {
      "name": "pnpm",
      "message": "vite-react-ts@0.0.0 dev: `vite`\nExit status 1",
      "code": "ELIFECYCLE",
      "stack": "pnpm: vite-react-ts@0.0.0 dev: `vite`\nExit status 1\n    at EventEmitter.<anonymous> (C:\\Users\\wujian\\AppData\\Roaming\\npm\\node_modules\\pnpm\\dist\\pnpm.cjs:105700:20)\n    at EventEmitter.emit (events.js:375:28)\n    at ChildProcess.<anonymous> (C:\\Users\\wujian\\AppData\\Roaming\\npm\\node_modules\\pnpm\\dist\\pnpm.cjs:92261:18)\n    at ChildProcess.emit (events.js:375:28)\n    at maybeClose (internal/child_process.js:1055:16)\n    at Process.ChildProcess._handle.onexit (internal/child_process.js:288:5)"
    }
  },
  "2 warn pnpm:global": " Local package.json exists, but node_modules missing, did you mean to install?"
}